<?xml version="1.0" encoding="UTF-8"?>
<!-- Generated by org.testng.reporters.JUnitXMLReporter -->
<testsuite hostname="W1856222" ignored="0" name="Regression Test" tests="1" failures="1" timestamp="05 Mar 2019 08:45:12 GMT" time="5.907" errors="0">
  <testcase name="pregnancyOutcomeVaginal" time="0.028" classname="drive.tests.VaginalOutcome">
    <failure type="java.lang.NullPointerException">
        <![CDATA[java.lang.NullPointerException
at drive.basetest.BaseTest.applicationLogin(BaseTest.java:90)
at drive.tests.VaginalOutcome.pregnancyOutcomeVaginal(VaginalOutcome.java:12)
... Removed 25 stack frames]]>
    </failure>
  </testcase> <!-- pregnancyOutcomeVaginal -->
</testsuite> <!-- Regression Test -->
